<?xml version="1.0" encoding="UTF-8"?>
<testsuite xmlns:xsi="http://www.w3.org/2001/XMLSchema-instance" xsi:noNamespaceSchemaLocation="https://maven.apache.org/surefire/maven-surefire-plugin/xsd/surefire-test-report-3.0.xsd" version="3.0" name="org.schlibbuz.sa723.tools.HtmlModifierTest" time="0.093" tests="12" errors="0" skipped="0" failures="0">
  <properties>
[...]
</properties>
  <testcase name="testEncapsulateLineShouldFail(String, String)[1]" classname="org.schlibbuz.sa723.tools.HtmlModifierTest" time="0.028"/>
  <testcase name="testEncapsulateLineShouldFail(String, String)[2]" classname="org.schlibbuz.sa723.tools.HtmlModifierTest" time="0.001"/>
  <testcase name="testEncapsulateLineShouldFail(String, String)[3]" classname="org.schlibbuz.sa723.tools.HtmlModifierTest" time="0.001"/>
  <testcase name="testEncapsulateLineShouldPass(String, String)[1]" classname="org.schlibbuz.sa723.tools.HtmlModifierTest" time="0.002"/>
  <testcase name="testEncapsulateLineShouldPass(String, String)[2]" classname="org.schlibbuz.sa723.tools.HtmlModifierTest" time="0.001"/>
  <testcase name="testEncapsulateLineShouldPass(String, String)[3]" classname="org.schlibbuz.sa723.tools.HtmlModifierTest" time="0.001"/>
  <testcase name="testEscapeDoubleQuotesShouldFail(String, String)[1]" classname="org.schlibbuz.sa723.tools.HtmlModifierTest" time="0.001"/>
  <testcase name="testEscapeDoubleQuotesShouldFail(String, String)[2]" classname="org.schlibbuz.sa723.tools.HtmlModifierTest" time="0.001"/>
  <testcase name="testEscapeDoubleQuotesShouldFail(String, String)[3]" classname="org.schlibbuz.sa723.tools.HtmlModifierTest" time="0.001"/>
  <testcase name="testEscapeDoubleQuotesShouldPass(String, String)[1]" classname="org.schlibbuz.sa723.tools.HtmlModifierTest" time="0.001"/>
  <testcase name="testEscapeDoubleQuotesShouldPass(String, String)[2]" classname="org.schlibbuz.sa723.tools.HtmlModifierTest" time="0"/>
  <testcase name="testEscapeDoubleQuotesShouldPass(String, String)[3]" classname="org.schlibbuz.sa723.tools.HtmlModifierTest" time="0.001"/>
</testsuite>